c:\users\edson\desktop\projetos\cg\project1\project1\x64\debug\vc143.pdb
c:\users\edson\desktop\projetos\cg\project1\project1\x64\debug\vc143.idb
c:\users\edson\desktop\projetos\cg\project1\project1\x64\debug\origem.obj
c:\users\edson\desktop\projetos\cg\project1\x64\debug\project1.pdb
c:\users\edson\desktop\projetos\cg\project1\project1\x64\debug\project1.tlog\cl.command.1.tlog
c:\users\edson\desktop\projetos\cg\project1\project1\x64\debug\project1.tlog\cl.read.1.tlog
c:\users\edson\desktop\projetos\cg\project1\project1\x64\debug\project1.tlog\cl.write.1.tlog
c:\users\edson\desktop\projetos\cg\project1\project1\x64\debug\project1.tlog\link-cvtres.read.1.tlog
c:\users\edson\desktop\projetos\cg\project1\project1\x64\debug\project1.tlog\link-cvtres.write.1.tlog
c:\users\edson\desktop\projetos\cg\project1\project1\x64\debug\project1.tlog\link-rc.read.1.tlog
c:\users\edson\desktop\projetos\cg\project1\project1\x64\debug\project1.tlog\link-rc.write.1.tlog
c:\users\edson\desktop\projetos\cg\project1\project1\x64\debug\project1.tlog\link.3676-cvtres.read.1.tlog
c:\users\edson\desktop\projetos\cg\project1\project1\x64\debug\project1.tlog\link.3676-cvtres.write.1.tlog
c:\users\edson\desktop\projetos\cg\project1\project1\x64\debug\project1.tlog\link.3676-rc.read.1.tlog
c:\users\edson\desktop\projetos\cg\project1\project1\x64\debug\project1.tlog\link.3676-rc.write.1.tlog
c:\users\edson\desktop\projetos\cg\project1\project1\x64\debug\project1.tlog\link.3676.read.1.tlog
c:\users\edson\desktop\projetos\cg\project1\project1\x64\debug\project1.tlog\link.3676.read.2.tlog
c:\users\edson\desktop\projetos\cg\project1\project1\x64\debug\project1.tlog\link.3676.write.1.tlog
c:\users\edson\desktop\projetos\cg\project1\project1\x64\debug\project1.tlog\link.command.1.tlog
c:\users\edson\desktop\projetos\cg\project1\project1\x64\debug\project1.tlog\link.read.1.tlog
c:\users\edson\desktop\projetos\cg\project1\project1\x64\debug\project1.tlog\link.read.2.tlog
c:\users\edson\desktop\projetos\cg\project1\project1\x64\debug\project1.tlog\link.write.1.tlog
